<?xml version="1.0" encoding="UTF-8"?>
<!-- Generated by org.testng.reporters.JUnitReportReporter -->
<testsuite hostname="DESKTOP-5H9JFBR" failures="0" tests="2" name="test.first_test_case" time="0.038" errors="0" timestamp="2025-04-19T23:40:32 IST" skipped="0">
  <testcase classname="test.first_test_case" name="logout" time="0.013"/>
  <testcase classname="test.first_test_case" name="failed_login" time="0.025"/>
</testsuite> <!-- test.first_test_case -->
