<?xml version="1.0" encoding="UTF-8"?>
<!-- Generated by org.testng.reporters.JUnitReportReporter -->
<testsuite hostname="DESKTOP-5H9JFBR" failures="0" tests="3" name="puransinh.main.Main" time="27.566" errors="0" timestamp="2025-05-31T14:24:57 IST" skipped="0">
  <testcase classname="puransinh.main.Main" name="loginTest" time="7.215"/>
  <testcase classname="puransinh.main.Main" name="checkouttest" time="12.432"/>
  <testcase classname="puransinh.main.Main" name="cartdetails" time="7.919"/>
</testsuite> <!-- puransinh.main.Main -->
