<?xml version="1.0" encoding="UTF-8"?>
<!-- Generated by org.testng.reporters.JUnitReportReporter -->
<testsuite hostname="DESKTOP-5H9JFBR" failures="0" tests="1" name="puransinh.ExtentReports.ExtentReportsDemo" time="10.027" errors="0" timestamp="2025-05-04T15:46:10 IST" skipped="0">
  <testcase classname="puransinh.ExtentReports.ExtentReportsDemo" name="InitDriver" time="10.027"/>
</testsuite> <!-- puransinh.ExtentReports.ExtentReportsDemo -->
